[tronflow.net/index.html]
[backblue.gif]
[fade.gif]
[index.html]
[tronflow.net/assets/favicon/apple-touch-icon.png]
[tronflow.net/assets/favicon/favicon-32x32.png]
[tronflow.net/assets/favicon/favicon-16x16.png]
[tronflow.net/favicon.ico]
[tronflow.net/assets/favicon/site.webmanifest]
[tronflow.net/assets/css/bootstrap.min.css]
[tronflow.net/assets/css/style.css]
[tronflow.net/assets/css/modal.css]
[kit.fontawesome.com/9b86ed02de.js]
[tronflow.net/assets/img/Logo.png]
[tronflow.net/tronflowes.pdf]
[tronflow.net/tronflow.pdf]
[tronflow.net/assets/img/slider-img.png]
[tronflow.net/assets/img/slider-img-2.png]
[tronflow.net/assets/img/TronLogo.png]
[tronflow.net/assets/img/scale.png]
[tronflow.net/assets/img/dollor1.svg]
[tronflow.net/assets/img/group.png]
[tronflow.net/assets/img/code.svg]
[tronflow.net/assets/img/dappradar.png]
[tronflow.net/assets/img/dappreview.png]
[code.jquery.com/jquery-3.5.1.min.js]
[cdnjs.cloudflare.com/ajax/libs/popper.js/1.12.9/umd/popper.min.js]
[tronflow.net/assets/js/bootstrap.min.js]
[tronflow.net/assets/js/jquery.countdown.js]
[tronflow.net/assets/js/main.js]
[tronflow.net/assets/js/tronFlow.js]
[tronflow.net/index.html]
[tronflow.net/assets/css/bootstrap.min.css]
[tronflow.net/assets/css/style.css]
[tronflow.net/assets/css/modal.css]
[tronflow.net/tronflowes.html]
[tronflow.net/tronflow.html]
[tronflow.net/assets/img/dollor1.svg]
[tronflow.net/assets/img/code.svg]
